Using pre-set license
Built from '2020.3/staging' branch; Version is '2020.3.4f1 (0abb6314276a) revision 703331'; Using compiler version '192528614'; Build Type 'Release'
OS: 'Windows 10 Home; OS build 19042.928; Version 2009; 64bit' Language: 'en' Physical Memory: 16276 MB
BatchMode: 1, IsHumanControllingUs: 0, StartBugReporterOnCrash: 0, Is64bit: 1, IsPro: 0

 COMMAND LINE ARGUMENTS:
C:\Program Files\Unity\Hub\Editor\2020.3.4f1\Editor\Unity.exe
-adb2
-batchMode
-noUpm
-name
AssetImportWorker0
-projectPath
D:/Unity Repos/Office/MaskUp
-logFile
Logs/AssetImportWorker0.log
-srvPort
61864
Successfully changed project path to: D:/Unity Repos/Office/MaskUp
D:/Unity Repos/Office/MaskUp
Using Asset Import Pipeline V2.
Refreshing native plugins compatible for Editor in 38.40 ms, found 0 plugins.
Preloading 0 native plugins for Editor in 0.00 ms.
Initialize engine version: 2020.3.4f1 (0abb6314276a)
[Subsystems] Discovering subsystems at path C:/Program Files/Unity/Hub/Editor/2020.3.4f1/Editor/Data/Resources/UnitySubsystems
[Subsystems] Discovering subsystems at path D:/Unity Repos/Office/MaskUp/Assets
GfxDevice: creating device client; threaded=0
Direct3D:
    Version:  Direct3D 11.0 [level 11.1]
    Renderer: NVIDIA GeForce GTX 1060 with Max-Q Design (ID=0x1c20)
    Vendor:   
    VRAM:     6052 MB
    Driver:   27.21.14.6611
Initialize mono
Mono path[0] = 'C:/Program Files/Unity/Hub/Editor/2020.3.4f1/Editor/Data/Managed'
Mono path[1] = 'C:/Program Files/Unity/Hub/Editor/2020.3.4f1/Editor/Data/MonoBleedingEdge/lib/mono/unityjit'
Mono config path = 'C:/Program Files/Unity/Hub/Editor/2020.3.4f1/Editor/Data/MonoBleedingEdge/etc'
Using monoOptions --debugger-agent=transport=dt_socket,embedding=1,server=y,suspend=n,address=127.0.0.1:56624
Begin MonoManager ReloadAssembly
Registering precompiled unity dll's ...
Register platform support module: C:/Program Files/Unity/Hub/Editor/2020.3.4f1/Editor/Data/PlaybackEngines/WindowsStandaloneSupport/UnityEditor.WindowsStandalone.Extensions.dll
Registered in 0.003957 seconds.
Native extension for WindowsStandalone target not found
Refreshing native plugins compatible for Editor in 36.24 ms, found 0 plugins.
Preloading 0 native plugins for Editor in 0.00 ms.
Mono: successfully reloaded assembly
- Completed reload, in  3.283 seconds
Platform modules already initialized, skipping
Registering precompiled user dll's ...
Registered in 0.001006 seconds.
Begin MonoManager ReloadAssembly
Native extension for WindowsStandalone target not found
Refreshing native plugins compatible for Editor in 0.24 ms, found 0 plugins.
Preloading 0 native plugins for Editor in 0.00 ms.
Mono: successfully reloaded assembly
- Completed reload, in  1.232 seconds
Platform modules already initialized, skipping
========================================================================
Worker process is ready to serve import requests
Launched and connected shader compiler UnityShaderCompiler.exe after 0.09 seconds
Refreshing native plugins compatible for Editor in 0.29 ms, found 0 plugins.
Preloading 0 native plugins for Editor in 0.00 ms.
Unloading 1128 Unused Serialized files (Serialized files now loaded: 0)
System memory in use before: 57.9 MB.
System memory in use after: 57.9 MB.

Unloading 10 unused Assets to reduce memory usage. Loaded Objects now: 1571.
Total: 2.381900 ms (FindLiveObjects: 0.235200 ms CreateObjectMapping: 0.082500 ms MarkObjects: 1.940700 ms  DeleteObjects: 0.122300 ms)

========================================================================
Received Import Request.
  path: Assets/Scenes/SKybox.mat
  artifactKey: Guid(335a2edeaab0d16458f59dae1f090158) Importer(815301076,1909f56bfc062723c751e8b465ee728b)
Start importing Assets/Scenes/SKybox.mat using Guid(335a2edeaab0d16458f59dae1f090158) Importer(815301076,1909f56bfc062723c751e8b465ee728b)  -> (artifact id: 'c3db758af4f299fb2a42d9700c720f48') in 0.597253 seconds
  Import took 0.600492 seconds .

========================================================================
Received Import Request.
  Time since last request: 45.588167 seconds.
  path: Assets/Materials/MonochromeSky.mat
  artifactKey: Guid(746a578ae75edb44caf8c54c0bf59771) Importer(815301076,1909f56bfc062723c751e8b465ee728b)
Start importing Assets/Materials/MonochromeSky.mat using Guid(746a578ae75edb44caf8c54c0bf59771) Importer(815301076,1909f56bfc062723c751e8b465ee728b)  -> (artifact id: '838ef113de1462cd485c8536f9964970') in 0.022030 seconds
  Import took 0.024933 seconds .

========================================================================
Received Import Request.
  Time since last request: 37.541803 seconds.
  path: Assets/Materials/MonochromeSky.mat
  artifactKey: Guid(746a578ae75edb44caf8c54c0bf59771) Importer(815301076,1909f56bfc062723c751e8b465ee728b)
Start importing Assets/Materials/MonochromeSky.mat using Guid(746a578ae75edb44caf8c54c0bf59771) Importer(815301076,1909f56bfc062723c751e8b465ee728b)  -> (artifact id: 'e0a3553c079788c08d8c44fd0085409a') in 0.030300 seconds
  Import took 0.033989 seconds .

========================================================================
Received Import Request.
  Time since last request: 110.890576 seconds.
  path: Assets/Materials/MCSky.mat
  artifactKey: Guid(444390d0f09182a4b8c38aec76288cf8) Importer(815301076,1909f56bfc062723c751e8b465ee728b)
Start importing Assets/Materials/MCSky.mat using Guid(444390d0f09182a4b8c38aec76288cf8) Importer(815301076,1909f56bfc062723c751e8b465ee728b)  -> (artifact id: 'aa43aa27d513b79e14651f5741ddd8cc') in 0.023667 seconds
  Import took 0.027809 seconds .

========================================================================
Received Prepare
Registering precompiled user dll's ...
Registered in 0.000868 seconds.
Begin MonoManager ReloadAssembly
Native extension for WindowsStandalone target not found
Refreshing native plugins compatible for Editor in 0.21 ms, found 0 plugins.
Preloading 0 native plugins for Editor in 0.00 ms.
Mono: successfully reloaded assembly
- Completed reload, in  0.948 seconds
Platform modules already initialized, skipping
Refreshing native plugins compatible for Editor in 0.25 ms, found 0 plugins.
Preloading 0 native plugins for Editor in 0.00 ms.
Unloading 1123 Unused Serialized files (Serialized files now loaded: 0)
System memory in use before: 61.1 MB.
System memory in use after: 61.2 MB.

Unloading 5 unused Assets to reduce memory usage. Loaded Objects now: 1614.
Total: 1.944900 ms (FindLiveObjects: 0.118900 ms CreateObjectMapping: 0.030000 ms MarkObjects: 1.698300 ms  DeleteObjects: 0.096700 ms)

========================================================================
Received Prepare
Registering precompiled user dll's ...
Registered in 0.000882 seconds.
Begin MonoManager ReloadAssembly
Native extension for WindowsStandalone target not found
Refreshing native plugins compatible for Editor in 0.24 ms, found 0 plugins.
Preloading 0 native plugins for Editor in 0.00 ms.
Mono: successfully reloaded assembly
- Completed reload, in  1.059 seconds
Platform modules already initialized, skipping
Refreshing native plugins compatible for Editor in 0.27 ms, found 0 plugins.
Preloading 0 native plugins for Editor in 0.00 ms.
Unloading 1123 Unused Serialized files (Serialized files now loaded: 0)
System memory in use before: 61.2 MB.
System memory in use after: 61.2 MB.

Unloading 5 unused Assets to reduce memory usage. Loaded Objects now: 1617.
Total: 1.979500 ms (FindLiveObjects: 0.168000 ms CreateObjectMapping: 0.044300 ms MarkObjects: 1.676500 ms  DeleteObjects: 0.089300 ms)

========================================================================
Received Import Request.
  Time since last request: 1232.469951 seconds.
  path: ProjectSettings/TagManager.asset
  artifactKey: Guid(00000000000000003000000000000000) Importer(815301076,1909f56bfc062723c751e8b465ee728b)
Start importing ProjectSettings/TagManager.asset using Guid(00000000000000003000000000000000) Importer(815301076,1909f56bfc062723c751e8b465ee728b)  -> (artifact id: '5cdd425f01cf626211dd37e1af0dc49e') in 0.019018 seconds
  Import took 0.021153 seconds .

========================================================================
Received Prepare
Registering precompiled user dll's ...
Registered in 0.001012 seconds.
Begin MonoManager ReloadAssembly
Native extension for WindowsStandalone target not found
Refreshing native plugins compatible for Editor in 0.21 ms, found 0 plugins.
Preloading 0 native plugins for Editor in 0.00 ms.
Mono: successfully reloaded assembly
- Completed reload, in  0.930 seconds
Platform modules already initialized, skipping
Refreshing native plugins compatible for Editor in 0.21 ms, found 0 plugins.
Preloading 0 native plugins for Editor in 0.00 ms.
Unloading 1123 Unused Serialized files (Serialized files now loaded: 0)
System memory in use before: 61.2 MB.
System memory in use after: 61.3 MB.

Unloading 6 unused Assets to reduce memory usage. Loaded Objects now: 1620.
Total: 2.552100 ms (FindLiveObjects: 0.133100 ms CreateObjectMapping: 0.033800 ms MarkObjects: 2.275200 ms  DeleteObjects: 0.109000 ms)

========================================================================
Received Prepare
Registering precompiled user dll's ...
Registered in 0.000777 seconds.
Begin MonoManager ReloadAssembly
Native extension for WindowsStandalone target not found
Refreshing native plugins compatible for Editor in 0.24 ms, found 0 plugins.
Preloading 0 native plugins for Editor in 0.00 ms.
Mono: successfully reloaded assembly
- Completed reload, in  1.028 seconds
Platform modules already initialized, skipping
Refreshing native plugins compatible for Editor in 0.21 ms, found 0 plugins.
Preloading 0 native plugins for Editor in 0.00 ms.
Unloading 1123 Unused Serialized files (Serialized files now loaded: 0)
System memory in use before: 61.2 MB.
System memory in use after: 61.3 MB.

Unloading 5 unused Assets to reduce memory usage. Loaded Objects now: 1623.
Total: 2.452100 ms (FindLiveObjects: 0.150600 ms CreateObjectMapping: 0.041700 ms MarkObjects: 2.163000 ms  DeleteObjects: 0.095400 ms)

========================================================================
Received Prepare
Registering precompiled user dll's ...
Registered in 0.000749 seconds.
Begin MonoManager ReloadAssembly
Native extension for WindowsStandalone target not found
Refreshing native plugins compatible for Editor in 0.32 ms, found 0 plugins.
Preloading 0 native plugins for Editor in 0.00 ms.
Mono: successfully reloaded assembly
- Completed reload, in  0.986 seconds
Platform modules already initialized, skipping
Refreshing native plugins compatible for Editor in 0.21 ms, found 0 plugins.
Preloading 0 native plugins for Editor in 0.00 ms.
Unloading 1123 Unused Serialized files (Serialized files now loaded: 0)
System memory in use before: 61.2 MB.
System memory in use after: 61.3 MB.

Unloading 5 unused Assets to reduce memory usage. Loaded Objects now: 1626.
Total: 2.176600 ms (FindLiveObjects: 0.243500 ms CreateObjectMapping: 0.086000 ms MarkObjects: 1.751900 ms  DeleteObjects: 0.093900 ms)

========================================================================
Received Prepare
Registering precompiled user dll's ...
Registered in 0.000788 seconds.
Begin MonoManager ReloadAssembly
Native extension for WindowsStandalone target not found
Refreshing native plugins compatible for Editor in 0.29 ms, found 0 plugins.
Preloading 0 native plugins for Editor in 0.00 ms.
Mono: successfully reloaded assembly
- Completed reload, in  1.128 seconds
Platform modules already initialized, skipping
Refreshing native plugins compatible for Editor in 0.21 ms, found 0 plugins.
Preloading 0 native plugins for Editor in 0.00 ms.
Unloading 1123 Unused Serialized files (Serialized files now loaded: 0)
System memory in use before: 61.2 MB.
System memory in use after: 61.3 MB.

Unloading 5 unused Assets to reduce memory usage. Loaded Objects now: 1629.
Total: 2.253300 ms (FindLiveObjects: 0.227200 ms CreateObjectMapping: 0.070900 ms MarkObjects: 1.853000 ms  DeleteObjects: 0.087200 ms)

========================================================================
Received Prepare
Registering precompiled user dll's ...
Registered in 0.000892 seconds.
Begin MonoManager ReloadAssembly
Native extension for WindowsStandalone target not found
Refreshing native plugins compatible for Editor in 0.21 ms, found 0 plugins.
Preloading 0 native plugins for Editor in 0.00 ms.
Mono: successfully reloaded assembly
- Completed reload, in  0.991 seconds
Platform modules already initialized, skipping
Refreshing native plugins compatible for Editor in 0.22 ms, found 0 plugins.
Preloading 0 native plugins for Editor in 0.00 ms.
Unloading 1123 Unused Serialized files (Serialized files now loaded: 0)
System memory in use before: 61.2 MB.
System memory in use after: 61.3 MB.

Unloading 5 unused Assets to reduce memory usage. Loaded Objects now: 1632.
Total: 2.072700 ms (FindLiveObjects: 0.291700 ms CreateObjectMapping: 0.066700 ms MarkObjects: 1.620800 ms  DeleteObjects: 0.092600 ms)

========================================================================
Received Prepare
Registering precompiled user dll's ...
Registered in 0.000783 seconds.
Begin MonoManager ReloadAssembly
Native extension for WindowsStandalone target not found
Refreshing native plugins compatible for Editor in 0.28 ms, found 0 plugins.
Preloading 0 native plugins for Editor in 0.00 ms.
Mono: successfully reloaded assembly
- Completed reload, in  1.074 seconds
Platform modules already initialized, skipping
Refreshing native plugins compatible for Editor in 0.22 ms, found 0 plugins.
Preloading 0 native plugins for Editor in 0.00 ms.
Unloading 1123 Unused Serialized files (Serialized files now loaded: 0)
System memory in use before: 61.2 MB.
System memory in use after: 61.3 MB.

Unloading 5 unused Assets to reduce memory usage. Loaded Objects now: 1635.
Total: 2.444700 ms (FindLiveObjects: 0.139700 ms CreateObjectMapping: 0.044800 ms MarkObjects: 2.178000 ms  DeleteObjects: 0.080800 ms)

========================================================================
Received Prepare
Registering precompiled user dll's ...
Registered in 0.000804 seconds.
Begin MonoManager ReloadAssembly
Native extension for WindowsStandalone target not found
Refreshing native plugins compatible for Editor in 0.28 ms, found 0 plugins.
Preloading 0 native plugins for Editor in 0.00 ms.
Mono: successfully reloaded assembly
- Completed reload, in  1.082 seconds
Platform modules already initialized, skipping
Refreshing native plugins compatible for Editor in 0.21 ms, found 0 plugins.
Preloading 0 native plugins for Editor in 0.00 ms.
Unloading 1123 Unused Serialized files (Serialized files now loaded: 0)
System memory in use before: 61.2 MB.
System memory in use after: 61.3 MB.

Unloading 5 unused Assets to reduce memory usage. Loaded Objects now: 1638.
Total: 2.782300 ms (FindLiveObjects: 0.305700 ms CreateObjectMapping: 0.101600 ms MarkObjects: 2.241900 ms  DeleteObjects: 0.131100 ms)

========================================================================
Received Prepare
Registering precompiled user dll's ...
Registered in 0.000821 seconds.
Begin MonoManager ReloadAssembly
Native extension for WindowsStandalone target not found
Refreshing native plugins compatible for Editor in 0.22 ms, found 0 plugins.
Preloading 0 native plugins for Editor in 0.00 ms.
Mono: successfully reloaded assembly
- Completed reload, in  1.002 seconds
Platform modules already initialized, skipping
Refreshing native plugins compatible for Editor in 0.23 ms, found 0 plugins.
Preloading 0 native plugins for Editor in 0.00 ms.
Unloading 1123 Unused Serialized files (Serialized files now loaded: 0)
System memory in use before: 61.3 MB.
System memory in use after: 61.4 MB.

Unloading 5 unused Assets to reduce memory usage. Loaded Objects now: 1641.
Total: 2.473200 ms (FindLiveObjects: 0.214500 ms CreateObjectMapping: 0.072600 ms MarkObjects: 2.091100 ms  DeleteObjects: 0.093800 ms)

========================================================================
Received Prepare
Registering precompiled user dll's ...
Registered in 0.000980 seconds.
Begin MonoManager ReloadAssembly
Native extension for WindowsStandalone target not found
Refreshing native plugins compatible for Editor in 0.25 ms, found 0 plugins.
Preloading 0 native plugins for Editor in 0.00 ms.
Mono: successfully reloaded assembly
- Completed reload, in  1.006 seconds
Platform modules already initialized, skipping
Refreshing native plugins compatible for Editor in 0.23 ms, found 0 plugins.
Preloading 0 native plugins for Editor in 0.00 ms.
Unloading 1123 Unused Serialized files (Serialized files now loaded: 0)
System memory in use before: 61.3 MB.
System memory in use after: 61.4 MB.

Unloading 5 unused Assets to reduce memory usage. Loaded Objects now: 1644.
Total: 2.086400 ms (FindLiveObjects: 0.158200 ms CreateObjectMapping: 0.084000 ms MarkObjects: 1.756000 ms  DeleteObjects: 0.087200 ms)

========================================================================
Received Prepare
Registering precompiled user dll's ...
Registered in 0.001472 seconds.
Begin MonoManager ReloadAssembly
Native extension for WindowsStandalone target not found
Refreshing native plugins compatible for Editor in 0.36 ms, found 0 plugins.
Preloading 0 native plugins for Editor in 0.00 ms.
Mono: successfully reloaded assembly
- Completed reload, in  1.101 seconds
Platform modules already initialized, skipping
Refreshing native plugins compatible for Editor in 0.34 ms, found 0 plugins.
Preloading 0 native plugins for Editor in 0.00 ms.
Unloading 1123 Unused Serialized files (Serialized files now loaded: 0)
System memory in use before: 61.3 MB.
System memory in use after: 61.4 MB.

Unloading 5 unused Assets to reduce memory usage. Loaded Objects now: 1647.
Total: 2.190400 ms (FindLiveObjects: 0.224100 ms CreateObjectMapping: 0.074800 ms MarkObjects: 1.800200 ms  DeleteObjects: 0.090200 ms)

========================================================================
Received Import Request.
  Time since last request: 1346.164048 seconds.
  path: Assets/Materials/MCSky.mat
  artifactKey: Guid(444390d0f09182a4b8c38aec76288cf8) Importer(815301076,1909f56bfc062723c751e8b465ee728b)
Start importing Assets/Materials/MCSky.mat using Guid(444390d0f09182a4b8c38aec76288cf8) Importer(815301076,1909f56bfc062723c751e8b465ee728b)  -> (artifact id: '0b7a103afff522103143609211cbd077') in 0.108869 seconds
  Import took 0.117853 seconds .

========================================================================
Received Import Request.
  Time since last request: 321.700321 seconds.
  path: Assets/Prefabs/BeardoImposter.prefab
  artifactKey: Guid(25097e527ef26f546bf71f396a4f732a) Importer(815301076,1909f56bfc062723c751e8b465ee728b)
Start importing Assets/Prefabs/BeardoImposter.prefab using Guid(25097e527ef26f546bf71f396a4f732a) Importer(815301076,1909f56bfc062723c751e8b465ee728b)  -> (artifact id: '4bc33e59cdc6ad275d157246dc9681c5') in 0.108326 seconds
  Import took 0.111361 seconds .

========================================================================
Received Import Request.
  Time since last request: 0.000356 seconds.
  path: Assets/Prefabs/PopImposter.prefab
  artifactKey: Guid(d27415b4059361c44a37826a31deabc6) Importer(815301076,1909f56bfc062723c751e8b465ee728b)
Start importing Assets/Prefabs/PopImposter.prefab using Guid(d27415b4059361c44a37826a31deabc6) Importer(815301076,1909f56bfc062723c751e8b465ee728b)  -> (artifact id: 'ad93b69f36ddc1ab59fafad956becb0f') in 0.025343 seconds
  Import took 0.391335 seconds .

========================================================================
Received Import Request.
  Time since last request: 0.000335 seconds.
  path: Assets/Prefabs/SpikeImposter.prefab
  artifactKey: Guid(af18432682710d84ba0a307944aa9e2b) Importer(815301076,1909f56bfc062723c751e8b465ee728b)
Start importing Assets/Prefabs/SpikeImposter.prefab using Guid(af18432682710d84ba0a307944aa9e2b) Importer(815301076,1909f56bfc062723c751e8b465ee728b)  -> (artifact id: '750ce11c538b8038f6acb0f9eda74dd2') in 0.026832 seconds
  Import took 0.042205 seconds .

========================================================================
Received Import Request.
  Time since last request: 0.000326 seconds.
  path: Assets/Prefabs/DecentImposter.prefab
  artifactKey: Guid(dd8a64652e88537458ceb753b1c1c2dc) Importer(815301076,1909f56bfc062723c751e8b465ee728b)
Start importing Assets/Prefabs/DecentImposter.prefab using Guid(dd8a64652e88537458ceb753b1c1c2dc) Importer(815301076,1909f56bfc062723c751e8b465ee728b)  -> (artifact id: '4866223c8931495e89ef888dad791cc5') in 0.027552 seconds
  Import took 0.030284 seconds .

========================================================================
Received Import Request.
  Time since last request: 20.759511 seconds.
  path: Assets/Prefabs/Affector.prefab
  artifactKey: Guid(3a7b0107dd1df5947ad2fe76042cd230) Importer(815301076,1909f56bfc062723c751e8b465ee728b)
Start importing Assets/Prefabs/Affector.prefab using Guid(3a7b0107dd1df5947ad2fe76042cd230) Importer(815301076,1909f56bfc062723c751e8b465ee728b)  -> (artifact id: 'd64aadec6396e86ba5f7d69c2d3d7d31') in 0.015227 seconds
  Import took 0.017569 seconds .

========================================================================
Received Import Request.
  Time since last request: 0.024251 seconds.
  path: Assets/Prefabs/Affector.prefab
  artifactKey: Guid(3a7b0107dd1df5947ad2fe76042cd230) Importer(815301076,1909f56bfc062723c751e8b465ee728b)
Start importing Assets/Prefabs/Affector.prefab using Guid(3a7b0107dd1df5947ad2fe76042cd230) Importer(815301076,1909f56bfc062723c751e8b465ee728b)  -> (artifact id: 'd64aadec6396e86ba5f7d69c2d3d7d31') in 0.008158 seconds
  Import took 0.011112 seconds .

========================================================================
Received Prepare
Registering precompiled user dll's ...
Registered in 0.000951 seconds.
Begin MonoManager ReloadAssembly
Native extension for WindowsStandalone target not found
Refreshing native plugins compatible for Editor in 0.21 ms, found 0 plugins.
Preloading 0 native plugins for Editor in 0.00 ms.
Mono: successfully reloaded assembly
- Completed reload, in  0.971 seconds
Platform modules already initialized, skipping
Refreshing native plugins compatible for Editor in 0.24 ms, found 0 plugins.
Preloading 0 native plugins for Editor in 0.00 ms.
Unloading 1123 Unused Serialized files (Serialized files now loaded: 0)
System memory in use before: 75.0 MB.
System memory in use after: 75.1 MB.

Unloading 6 unused Assets to reduce memory usage. Loaded Objects now: 1654.
Total: 1.777100 ms (FindLiveObjects: 0.154500 ms CreateObjectMapping: 0.035700 ms MarkObjects: 1.490700 ms  DeleteObjects: 0.095000 ms)

========================================================================
Received Import Request.
  Time since last request: 161.342327 seconds.
  path: Assets/Prefabs/PopImposter.prefab
  artifactKey: Guid(d27415b4059361c44a37826a31deabc6) Importer(815301076,1909f56bfc062723c751e8b465ee728b)
Start importing Assets/Prefabs/PopImposter.prefab using Guid(d27415b4059361c44a37826a31deabc6) Importer(815301076,1909f56bfc062723c751e8b465ee728b)  -> (artifact id: '22e8ed6866d8e9387a6e985dbec9af31') in 0.082206 seconds
  Import took 0.085915 seconds .

========================================================================
Received Import Request.
  Time since last request: 0.000309 seconds.
  path: Assets/Prefabs/BeardoImposter.prefab
  artifactKey: Guid(25097e527ef26f546bf71f396a4f732a) Importer(815301076,1909f56bfc062723c751e8b465ee728b)
Start importing Assets/Prefabs/BeardoImposter.prefab using Guid(25097e527ef26f546bf71f396a4f732a) Importer(815301076,1909f56bfc062723c751e8b465ee728b)  -> (artifact id: '814b721cd6c36379553706e5446a5315') in 0.023253 seconds
  Import took 0.026525 seconds .

========================================================================
Received Import Request.
  Time since last request: 0.000334 seconds.
  path: Assets/Prefabs/SpikeImposter.prefab
  artifactKey: Guid(af18432682710d84ba0a307944aa9e2b) Importer(815301076,1909f56bfc062723c751e8b465ee728b)
Start importing Assets/Prefabs/SpikeImposter.prefab using Guid(af18432682710d84ba0a307944aa9e2b) Importer(815301076,1909f56bfc062723c751e8b465ee728b)  -> (artifact id: 'd258badd70d15c07aad95591071c3aef') in 0.024693 seconds
  Import took 0.135565 seconds .

========================================================================
Received Import Request.
  Time since last request: 0.000430 seconds.
  path: Assets/Prefabs/BeardoImposter.prefab
  artifactKey: Guid(25097e527ef26f546bf71f396a4f732a) Importer(815301076,1909f56bfc062723c751e8b465ee728b)
Start importing Assets/Prefabs/BeardoImposter.prefab using Guid(25097e527ef26f546bf71f396a4f732a) Importer(815301076,1909f56bfc062723c751e8b465ee728b)  -> (artifact id: '814b721cd6c36379553706e5446a5315') in 0.020116 seconds
  Import took 0.022990 seconds .

========================================================================
Received Import Request.
  Time since last request: 0.000468 seconds.
  path: Assets/Prefabs/DecentImposter.prefab
  artifactKey: Guid(dd8a64652e88537458ceb753b1c1c2dc) Importer(815301076,1909f56bfc062723c751e8b465ee728b)
Start importing Assets/Prefabs/DecentImposter.prefab using Guid(dd8a64652e88537458ceb753b1c1c2dc) Importer(815301076,1909f56bfc062723c751e8b465ee728b)  -> (artifact id: '85931e474c99087aa96ff2f4495ce561') in 0.024946 seconds
  Import took 0.028777 seconds .

========================================================================
Received Prepare
Registering precompiled user dll's ...
Registered in 0.000903 seconds.
Begin MonoManager ReloadAssembly
Native extension for WindowsStandalone target not found
Refreshing native plugins compatible for Editor in 0.24 ms, found 0 plugins.
Preloading 0 native plugins for Editor in 0.00 ms.
Mono: successfully reloaded assembly
- Completed reload, in  0.999 seconds
Platform modules already initialized, skipping
Refreshing native plugins compatible for Editor in 0.21 ms, found 0 plugins.
Preloading 0 native plugins for Editor in 0.00 ms.
Unloading 1124 Unused Serialized files (Serialized files now loaded: 0)
System memory in use before: 75.1 MB.
System memory in use after: 75.1 MB.

Unloading 5 unused Assets to reduce memory usage. Loaded Objects now: 1659.
Total: 2.080200 ms (FindLiveObjects: 0.137800 ms CreateObjectMapping: 0.030900 ms MarkObjects: 1.848800 ms  DeleteObjects: 0.061600 ms)

========================================================================
Received Prepare
Registering precompiled user dll's ...
Registered in 0.001016 seconds.
Begin MonoManager ReloadAssembly
Native extension for WindowsStandalone target not found
Refreshing native plugins compatible for Editor in 0.29 ms, found 0 plugins.
Preloading 0 native plugins for Editor in 0.00 ms.
Mono: successfully reloaded assembly
- Completed reload, in  1.286 seconds
Platform modules already initialized, skipping
Refreshing native plugins compatible for Editor in 0.29 ms, found 0 plugins.
Preloading 0 native plugins for Editor in 0.00 ms.
Unloading 1124 Unused Serialized files (Serialized files now loaded: 0)
System memory in use before: 75.1 MB.
System memory in use after: 75.1 MB.

Unloading 5 unused Assets to reduce memory usage. Loaded Objects now: 1662.
Total: 2.225500 ms (FindLiveObjects: 0.145300 ms CreateObjectMapping: 0.053400 ms MarkObjects: 1.879300 ms  DeleteObjects: 0.146400 ms)

========================================================================
Received Import Request.
  Time since last request: 4925.010791 seconds.
  path: Assets/Prefabs/Affector.prefab
  artifactKey: Guid(3a7b0107dd1df5947ad2fe76042cd230) Importer(815301076,1909f56bfc062723c751e8b465ee728b)
Start importing Assets/Prefabs/Affector.prefab using Guid(3a7b0107dd1df5947ad2fe76042cd230) Importer(815301076,1909f56bfc062723c751e8b465ee728b)  -> (artifact id: '46f555507e3554997f19cccab463e6dc') in 0.092129 seconds
  Import took 0.096009 seconds .

========================================================================
Received Prepare
Registering precompiled user dll's ...
Registered in 0.000975 seconds.
Begin MonoManager ReloadAssembly
Native extension for WindowsStandalone target not found
Refreshing native plugins compatible for Editor in 0.23 ms, found 0 plugins.
Preloading 0 native plugins for Editor in 0.00 ms.
Mono: successfully reloaded assembly
- Completed reload, in  1.014 seconds
Platform modules already initialized, skipping
Refreshing native plugins compatible for Editor in 0.23 ms, found 0 plugins.
Preloading 0 native plugins for Editor in 0.00 ms.
Unloading 1124 Unused Serialized files (Serialized files now loaded: 0)
System memory in use before: 75.1 MB.
System memory in use after: 75.2 MB.

Unloading 6 unused Assets to reduce memory usage. Loaded Objects now: 1666.
Total: 1.728100 ms (FindLiveObjects: 0.143400 ms CreateObjectMapping: 0.033000 ms MarkObjects: 1.494100 ms  DeleteObjects: 0.056400 ms)

========================================================================
Received Prepare
Registering precompiled user dll's ...
Registered in 0.000816 seconds.
Begin MonoManager ReloadAssembly
Native extension for WindowsStandalone target not found
Refreshing native plugins compatible for Editor in 0.60 ms, found 0 plugins.
Preloading 0 native plugins for Editor in 0.00 ms.
Mono: successfully reloaded assembly
- Completed reload, in  0.991 seconds
Platform modules already initialized, skipping
Refreshing native plugins compatible for Editor in 0.21 ms, found 0 plugins.
Preloading 0 native plugins for Editor in 0.00 ms.
Unloading 1124 Unused Serialized files (Serialized files now loaded: 0)
System memory in use before: 75.1 MB.
System memory in use after: 75.2 MB.

Unloading 5 unused Assets to reduce memory usage. Loaded Objects now: 1669.
Total: 2.035200 ms (FindLiveObjects: 0.251700 ms CreateObjectMapping: 0.057400 ms MarkObjects: 1.633600 ms  DeleteObjects: 0.090300 ms)

========================================================================
Received Prepare
Registering precompiled user dll's ...
Registered in 0.001751 seconds.
Begin MonoManager ReloadAssembly
Native extension for WindowsStandalone target not found
Refreshing native plugins compatible for Editor in 0.24 ms, found 0 plugins.
Preloading 0 native plugins for Editor in 0.00 ms.
Mono: successfully reloaded assembly
- Completed reload, in  1.095 seconds
Platform modules already initialized, skipping
Refreshing native plugins compatible for Editor in 0.36 ms, found 0 plugins.
Preloading 0 native plugins for Editor in 0.00 ms.
Unloading 1124 Unused Serialized files (Serialized files now loaded: 0)
System memory in use before: 75.1 MB.
System memory in use after: 75.2 MB.

Unloading 5 unused Assets to reduce memory usage. Loaded Objects now: 1672.
Total: 2.340600 ms (FindLiveObjects: 0.222000 ms CreateObjectMapping: 0.117200 ms MarkObjects: 1.926700 ms  DeleteObjects: 0.073100 ms)

========================================================================
Received Prepare
Registering precompiled user dll's ...
Registered in 0.001660 seconds.
Begin MonoManager ReloadAssembly
Native extension for WindowsStandalone target not found
Refreshing native plugins compatible for Editor in 0.23 ms, found 0 plugins.
Preloading 0 native plugins for Editor in 0.00 ms.
Mono: successfully reloaded assembly
- Completed reload, in  1.242 seconds
Platform modules already initialized, skipping
Refreshing native plugins compatible for Editor in 0.35 ms, found 0 plugins.
Preloading 0 native plugins for Editor in 0.00 ms.
Unloading 1124 Unused Serialized files (Serialized files now loaded: 0)
System memory in use before: 75.1 MB.
System memory in use after: 75.2 MB.

Unloading 5 unused Assets to reduce memory usage. Loaded Objects now: 1675.
Total: 2.570100 ms (FindLiveObjects: 0.433900 ms CreateObjectMapping: 0.072600 ms MarkObjects: 1.980000 ms  DeleteObjects: 0.078500 ms)

========================================================================
Received Prepare
Registering precompiled user dll's ...
Registered in 0.001052 seconds.
Begin MonoManager ReloadAssembly
Native extension for WindowsStandalone target not found
Refreshing native plugins compatible for Editor in 0.28 ms, found 0 plugins.
Preloading 0 native plugins for Editor in 0.00 ms.
Mono: successfully reloaded assembly
- Completed reload, in  1.228 seconds
Platform modules already initialized, skipping
Refreshing native plugins compatible for Editor in 0.25 ms, found 0 plugins.
Preloading 0 native plugins for Editor in 0.00 ms.
Unloading 1124 Unused Serialized files (Serialized files now loaded: 0)
System memory in use before: 75.1 MB.
System memory in use after: 75.2 MB.

Unloading 5 unused Assets to reduce memory usage. Loaded Objects now: 1678.
Total: 2.609000 ms (FindLiveObjects: 0.173400 ms CreateObjectMapping: 0.068300 ms MarkObjects: 2.236600 ms  DeleteObjects: 0.128800 ms)

========================================================================
Received Prepare
Registering precompiled user dll's ...
Registered in 0.001629 seconds.
Begin MonoManager ReloadAssembly
Native extension for WindowsStandalone target not found
Refreshing native plugins compatible for Editor in 0.25 ms, found 0 plugins.
Preloading 0 native plugins for Editor in 0.00 ms.
Mono: successfully reloaded assembly
- Completed reload, in  1.148 seconds
Platform modules already initialized, skipping
Refreshing native plugins compatible for Editor in 0.20 ms, found 0 plugins.
Preloading 0 native plugins for Editor in 0.00 ms.
Unloading 1124 Unused Serialized files (Serialized files now loaded: 0)
System memory in use before: 75.1 MB.
System memory in use after: 75.2 MB.

Unloading 5 unused Assets to reduce memory usage. Loaded Objects now: 1681.
Total: 2.345600 ms (FindLiveObjects: 0.186800 ms CreateObjectMapping: 0.088100 ms MarkObjects: 1.999600 ms  DeleteObjects: 0.069700 ms)

========================================================================
Received Import Request.
  Time since last request: 544.792813 seconds.
  path: Assets/Prefabs/Affector.prefab
  artifactKey: Guid(3a7b0107dd1df5947ad2fe76042cd230) Importer(815301076,1909f56bfc062723c751e8b465ee728b)
Start importing Assets/Prefabs/Affector.prefab using Guid(3a7b0107dd1df5947ad2fe76042cd230) Importer(815301076,1909f56bfc062723c751e8b465ee728b)  -> (artifact id: '95fbe2fe1bfd0c036f14baf162cf3692') in 0.095134 seconds
  Import took 0.103148 seconds .

========================================================================
Received Prepare
Registering precompiled user dll's ...
Registered in 0.000775 seconds.
Begin MonoManager ReloadAssembly
Native extension for WindowsStandalone target not found
Refreshing native plugins compatible for Editor in 0.25 ms, found 0 plugins.
Preloading 0 native plugins for Editor in 0.00 ms.
Mono: successfully reloaded assembly
- Completed reload, in  1.075 seconds
Platform modules already initialized, skipping
Refreshing native plugins compatible for Editor in 0.21 ms, found 0 plugins.
Preloading 0 native plugins for Editor in 0.00 ms.
Unloading 1124 Unused Serialized files (Serialized files now loaded: 0)
System memory in use before: 75.1 MB.
System memory in use after: 75.2 MB.

Unloading 6 unused Assets to reduce memory usage. Loaded Objects now: 1685.
Total: 2.711400 ms (FindLiveObjects: 0.296800 ms CreateObjectMapping: 0.066500 ms MarkObjects: 2.224800 ms  DeleteObjects: 0.121500 ms)

========================================================================
Received Prepare
Registering precompiled user dll's ...
Registered in 0.001282 seconds.
Begin MonoManager ReloadAssembly
Native extension for WindowsStandalone target not found
Refreshing native plugins compatible for Editor in 0.27 ms, found 0 plugins.
Preloading 0 native plugins for Editor in 0.00 ms.
Mono: successfully reloaded assembly
- Completed reload, in  1.100 seconds
Platform modules already initialized, skipping
Refreshing native plugins compatible for Editor in 0.26 ms, found 0 plugins.
Preloading 0 native plugins for Editor in 0.00 ms.
Unloading 1124 Unused Serialized files (Serialized files now loaded: 0)
System memory in use before: 75.1 MB.
System memory in use after: 75.2 MB.

Unloading 5 unused Assets to reduce memory usage. Loaded Objects now: 1688.
Total: 2.317300 ms (FindLiveObjects: 0.454200 ms CreateObjectMapping: 0.102800 ms MarkObjects: 1.676000 ms  DeleteObjects: 0.082600 ms)

========================================================================
Received Import Request.
  Time since last request: 1417.921333 seconds.
  path: Assets/Scenes/Skybox.mat
  artifactKey: Guid(335a2edeaab0d16458f59dae1f090158) Importer(815301076,1909f56bfc062723c751e8b465ee728b)
Start importing Assets/Scenes/Skybox.mat using Guid(335a2edeaab0d16458f59dae1f090158) Importer(815301076,1909f56bfc062723c751e8b465ee728b)  -> (artifact id: '8677c7dbd8c4b96e11a4196a3a3d20a9') in 0.095095 seconds
  Import took 0.466173 seconds .

========================================================================
Received Import Request.
  Time since last request: 2.694567 seconds.
  path: Assets/Scenes/Washington.unity
  artifactKey: Guid(987728a0143086140a06202e2e03b6e7) Importer(815301076,1909f56bfc062723c751e8b465ee728b)
Start importing Assets/Scenes/Washington.unity using Guid(987728a0143086140a06202e2e03b6e7) Importer(815301076,1909f56bfc062723c751e8b465ee728b)  -> (artifact id: '2f6c62c2333ea7ad19e802a06e03ea7d') in 0.003349 seconds
  Import took 0.006306 seconds .

========================================================================
Received Import Request.
  Time since last request: 15.528389 seconds.
  path: Assets/Scenes/Park.unity
  artifactKey: Guid(2db7471c3ab66f14db67d0e0daddd251) Importer(815301076,1909f56bfc062723c751e8b465ee728b)
Start importing Assets/Scenes/Park.unity using Guid(2db7471c3ab66f14db67d0e0daddd251) Importer(815301076,1909f56bfc062723c751e8b465ee728b)  -> (artifact id: '526b3f929e14b01359ec8b17cacc2382') in 0.003932 seconds
  Import took 0.105228 seconds .

========================================================================
Received Prepare
Registering precompiled user dll's ...
Registered in 0.001302 seconds.
Begin MonoManager ReloadAssembly
Native extension for WindowsStandalone target not found
Refreshing native plugins compatible for Editor in 0.22 ms, found 0 plugins.
Preloading 0 native plugins for Editor in 0.00 ms.
Mono: successfully reloaded assembly
- Completed reload, in  1.078 seconds
Platform modules already initialized, skipping
Refreshing native plugins compatible for Editor in 0.22 ms, found 0 plugins.
Preloading 0 native plugins for Editor in 0.00 ms.
Unloading 1124 Unused Serialized files (Serialized files now loaded: 0)
System memory in use before: 75.2 MB.
System memory in use after: 75.2 MB.

Unloading 5 unused Assets to reduce memory usage. Loaded Objects now: 1692.
Total: 2.163100 ms (FindLiveObjects: 0.155500 ms CreateObjectMapping: 0.057600 ms MarkObjects: 1.824700 ms  DeleteObjects: 0.124200 ms)

AssetImportWorkerClient::OnTransportError - code=2 error=End of file
