Using pre-set license
Built from '2020.3/staging' branch; Version is '2020.3.4f1 (0abb6314276a) revision 703331'; Using compiler version '192528614'; Build Type 'Release'
OS: 'Windows 10 Home; OS build 19042.985; Version 2009; 64bit' Language: 'en' Physical Memory: 16276 MB
BatchMode: 1, IsHumanControllingUs: 0, StartBugReporterOnCrash: 0, Is64bit: 1, IsPro: 0

 COMMAND LINE ARGUMENTS:
C:\Program Files\Unity\Hub\Editor\2020.3.4f1\Editor\Unity.exe
-adb2
-batchMode
-noUpm
-name
AssetImportWorker1
-projectPath
D:/Unity Repos/Office/MaskUp
-logFile
Logs/AssetImportWorker1.log
-srvPort
50207
Successfully changed project path to: D:/Unity Repos/Office/MaskUp
D:/Unity Repos/Office/MaskUp
Using Asset Import Pipeline V2.
Refreshing native plugins compatible for Editor in 75.45 ms, found 0 plugins.
Preloading 0 native plugins for Editor in 0.00 ms.
Initialize engine version: 2020.3.4f1 (0abb6314276a)
[Subsystems] Discovering subsystems at path C:/Program Files/Unity/Hub/Editor/2020.3.4f1/Editor/Data/Resources/UnitySubsystems
[Subsystems] Discovering subsystems at path D:/Unity Repos/Office/MaskUp/Assets
GfxDevice: creating device client; threaded=0
Direct3D:
    Version:  Direct3D 11.0 [level 11.1]
    Renderer: NVIDIA GeForce GTX 1060 with Max-Q Design (ID=0x1c20)
    Vendor:   
    VRAM:     6052 MB
    Driver:   27.21.14.6611
Initialize mono
Mono path[0] = 'C:/Program Files/Unity/Hub/Editor/2020.3.4f1/Editor/Data/Managed'
Mono path[1] = 'C:/Program Files/Unity/Hub/Editor/2020.3.4f1/Editor/Data/MonoBleedingEdge/lib/mono/unityjit'
Mono config path = 'C:/Program Files/Unity/Hub/Editor/2020.3.4f1/Editor/Data/MonoBleedingEdge/etc'
Using monoOptions --debugger-agent=transport=dt_socket,embedding=1,server=y,suspend=n,address=127.0.0.1:56588
Begin MonoManager ReloadAssembly
Registering precompiled unity dll's ...
Register platform support module: C:/Program Files/Unity/Hub/Editor/2020.3.4f1/Editor/Data/PlaybackEngines/WindowsStandaloneSupport/UnityEditor.WindowsStandalone.Extensions.dll
Registered in 0.004043 seconds.
Native extension for WindowsStandalone target not found
Refreshing native plugins compatible for Editor in 43.91 ms, found 0 plugins.
Preloading 0 native plugins for Editor in 0.00 ms.
Mono: successfully reloaded assembly
- Completed reload, in  4.649 seconds
Platform modules already initialized, skipping
Registering precompiled user dll's ...
Registered in 0.001255 seconds.
Begin MonoManager ReloadAssembly
Native extension for WindowsStandalone target not found
Refreshing native plugins compatible for Editor in 0.39 ms, found 0 plugins.
Preloading 0 native plugins for Editor in 0.00 ms.
Mono: successfully reloaded assembly
- Completed reload, in  3.337 seconds
Platform modules already initialized, skipping
========================================================================
Worker process is ready to serve import requests
Launched and connected shader compiler UnityShaderCompiler.exe after 0.13 seconds
Refreshing native plugins compatible for Editor in 0.42 ms, found 0 plugins.
Preloading 0 native plugins for Editor in 0.00 ms.
Unloading 1129 Unused Serialized files (Serialized files now loaded: 0)
System memory in use before: 58.1 MB.
System memory in use after: 58.1 MB.

Unloading 10 unused Assets to reduce memory usage. Loaded Objects now: 1572.
Total: 5.149000 ms (FindLiveObjects: 0.289900 ms CreateObjectMapping: 0.072200 ms MarkObjects: 4.677900 ms  DeleteObjects: 0.106600 ms)

========================================================================
Received Import Request.
  path: Assets/AffectScript.cs
  artifactKey: Guid(79a45b4d0bdb3cb41b177ace54fe404c) Importer(815301076,1909f56bfc062723c751e8b465ee728b)
Start importing Assets/AffectScript.cs using Guid(79a45b4d0bdb3cb41b177ace54fe404c) Importer(815301076,1909f56bfc062723c751e8b465ee728b)  -> (artifact id: 'ac73cc4859547a5c4bf84ab056c4b1f7') in 0.188969 seconds
  Import took 0.193660 seconds .

========================================================================
Received Import Request.
  Time since last request: 5.915794 seconds.
  path: Assets/AffectScript.cs
  artifactKey: Guid(79a45b4d0bdb3cb41b177ace54fe404c) Importer(815301076,1909f56bfc062723c751e8b465ee728b)
Start importing Assets/AffectScript.cs using Guid(79a45b4d0bdb3cb41b177ace54fe404c) Importer(815301076,1909f56bfc062723c751e8b465ee728b)  -> (artifact id: 'acf3f72c6a561426b4bf5cbd0f6d93bd') in 0.015333 seconds
  Import took 0.019205 seconds .

========================================================================
Received Import Request.
  Time since last request: 0.002155 seconds.
  path: Assets/AffectScript.cs
  artifactKey: Guid(79a45b4d0bdb3cb41b177ace54fe404c) Importer(815301076,1909f56bfc062723c751e8b465ee728b)
Start importing Assets/AffectScript.cs using Guid(79a45b4d0bdb3cb41b177ace54fe404c) Importer(815301076,1909f56bfc062723c751e8b465ee728b)  -> (artifact id: 'acf3f72c6a561426b4bf5cbd0f6d93bd') in 0.006095 seconds
  Import took 0.011132 seconds .

========================================================================
Received Import Request.
  Time since last request: 6.488400 seconds.
  path: Assets/AffectScript.cs
  artifactKey: Guid(79a45b4d0bdb3cb41b177ace54fe404c) Importer(815301076,1909f56bfc062723c751e8b465ee728b)
Start importing Assets/AffectScript.cs using Guid(79a45b4d0bdb3cb41b177ace54fe404c) Importer(815301076,1909f56bfc062723c751e8b465ee728b)  -> (artifact id: '6b6440234d5e3b5cdb98e245fb174ecb') in 0.013055 seconds
  Import took 0.369849 seconds .

========================================================================
Received Prepare
Registering precompiled user dll's ...
Registered in 0.001077 seconds.
Begin MonoManager ReloadAssembly
Native extension for WindowsStandalone target not found
Refreshing native plugins compatible for Editor in 0.30 ms, found 0 plugins.
Preloading 0 native plugins for Editor in 0.00 ms.
Mono: successfully reloaded assembly
- Completed reload, in  1.182 seconds
Platform modules already initialized, skipping
Refreshing native plugins compatible for Editor in 0.24 ms, found 0 plugins.
Preloading 0 native plugins for Editor in 0.00 ms.
Unloading 1124 Unused Serialized files (Serialized files now loaded: 0)
System memory in use before: 58.0 MB.
System memory in use after: 58.0 MB.

Unloading 5 unused Assets to reduce memory usage. Loaded Objects now: 1575.
Total: 1.836800 ms (FindLiveObjects: 0.217500 ms CreateObjectMapping: 0.059000 ms MarkObjects: 1.499500 ms  DeleteObjects: 0.059200 ms)

========================================================================
Received Prepare
Registering precompiled user dll's ...
Registered in 0.000957 seconds.
Begin MonoManager ReloadAssembly
Native extension for WindowsStandalone target not found
Refreshing native plugins compatible for Editor in 0.24 ms, found 0 plugins.
Preloading 0 native plugins for Editor in 0.00 ms.
Mono: successfully reloaded assembly
- Completed reload, in  1.241 seconds
Platform modules already initialized, skipping
Refreshing native plugins compatible for Editor in 0.24 ms, found 0 plugins.
Preloading 0 native plugins for Editor in 0.00 ms.
Unloading 1124 Unused Serialized files (Serialized files now loaded: 0)
System memory in use before: 58.0 MB.
System memory in use after: 58.1 MB.

Unloading 5 unused Assets to reduce memory usage. Loaded Objects now: 1578.
Total: 2.056900 ms (FindLiveObjects: 0.222300 ms CreateObjectMapping: 0.070300 ms MarkObjects: 1.695700 ms  DeleteObjects: 0.067200 ms)

========================================================================
Received Import Request.
  Time since last request: 166.251281 seconds.
  path: Assets/Prefabs/Affector.prefab
  artifactKey: Guid(3a7b0107dd1df5947ad2fe76042cd230) Importer(815301076,1909f56bfc062723c751e8b465ee728b)
Start importing Assets/Prefabs/Affector.prefab using Guid(3a7b0107dd1df5947ad2fe76042cd230) Importer(815301076,1909f56bfc062723c751e8b465ee728b)  -> (artifact id: '61c6474a0f9553aba71ee0ec308257f9') in 0.122480 seconds
  Import took 0.126276 seconds .

========================================================================
Received Prepare
Registering precompiled user dll's ...
Registered in 0.000737 seconds.
Begin MonoManager ReloadAssembly
Native extension for WindowsStandalone target not found
Refreshing native plugins compatible for Editor in 0.28 ms, found 0 plugins.
Preloading 0 native plugins for Editor in 0.00 ms.
Mono: successfully reloaded assembly
- Completed reload, in  0.945 seconds
Platform modules already initialized, skipping
Refreshing native plugins compatible for Editor in 0.20 ms, found 0 plugins.
Preloading 0 native plugins for Editor in 0.00 ms.
Unloading 1124 Unused Serialized files (Serialized files now loaded: 0)
System memory in use before: 61.1 MB.
System memory in use after: 61.2 MB.

Unloading 6 unused Assets to reduce memory usage. Loaded Objects now: 1589.
Total: 2.462800 ms (FindLiveObjects: 0.186200 ms CreateObjectMapping: 0.042400 ms MarkObjects: 2.140700 ms  DeleteObjects: 0.092000 ms)

========================================================================
Received Prepare
Registering precompiled user dll's ...
Registered in 0.033934 seconds.
Begin MonoManager ReloadAssembly
Native extension for WindowsStandalone target not found
Refreshing native plugins compatible for Editor in 0.20 ms, found 0 plugins.
Preloading 0 native plugins for Editor in 0.00 ms.
Mono: successfully reloaded assembly
- Completed reload, in  2.854 seconds
Platform modules already initialized, skipping
Refreshing native plugins compatible for Editor in 0.21 ms, found 0 plugins.
Preloading 0 native plugins for Editor in 0.00 ms.
Unloading 1124 Unused Serialized files (Serialized files now loaded: 0)
System memory in use before: 61.1 MB.
System memory in use after: 61.2 MB.

Unloading 5 unused Assets to reduce memory usage. Loaded Objects now: 1592.
Total: 3.058700 ms (FindLiveObjects: 0.369100 ms CreateObjectMapping: 0.070200 ms MarkObjects: 2.527100 ms  DeleteObjects: 0.090900 ms)

========================================================================
Received Import Request.
  Time since last request: 4022.769596 seconds.
  path: Assets/Materials/New Material.mat
  artifactKey: Guid(53fe843c943e206499e08cd1e08eddfb) Importer(815301076,1909f56bfc062723c751e8b465ee728b)
Start importing Assets/Materials/New Material.mat using Guid(53fe843c943e206499e08cd1e08eddfb) Importer(815301076,1909f56bfc062723c751e8b465ee728b)  -> (artifact id: '725a415a215768dd8a806cd82ee41c96') in 0.342485 seconds
  Import took 0.479005 seconds .

========================================================================
Received Prepare
Registering precompiled user dll's ...
Registered in 0.000767 seconds.
Begin MonoManager ReloadAssembly
Native extension for WindowsStandalone target not found
Refreshing native plugins compatible for Editor in 0.30 ms, found 0 plugins.
Preloading 0 native plugins for Editor in 0.00 ms.
Mono: successfully reloaded assembly
- Completed reload, in  0.983 seconds
Platform modules already initialized, skipping
Refreshing native plugins compatible for Editor in 0.33 ms, found 0 plugins.
Preloading 0 native plugins for Editor in 0.00 ms.
Unloading 1124 Unused Serialized files (Serialized files now loaded: 0)
System memory in use before: 61.4 MB.
System memory in use after: 61.4 MB.

Unloading 5 unused Assets to reduce memory usage. Loaded Objects now: 1629.
Total: 1.863500 ms (FindLiveObjects: 0.240500 ms CreateObjectMapping: 0.102600 ms MarkObjects: 1.465300 ms  DeleteObjects: 0.053800 ms)

========================================================================
Received Prepare
Registering precompiled user dll's ...
Registered in 0.001031 seconds.
Begin MonoManager ReloadAssembly
Native extension for WindowsStandalone target not found
Refreshing native plugins compatible for Editor in 0.29 ms, found 0 plugins.
Preloading 0 native plugins for Editor in 0.00 ms.
Mono: successfully reloaded assembly
- Completed reload, in  1.142 seconds
Platform modules already initialized, skipping
Refreshing native plugins compatible for Editor in 0.29 ms, found 0 plugins.
Preloading 0 native plugins for Editor in 0.00 ms.
Unloading 1124 Unused Serialized files (Serialized files now loaded: 0)
System memory in use before: 61.4 MB.
System memory in use after: 61.4 MB.

Unloading 5 unused Assets to reduce memory usage. Loaded Objects now: 1632.
Total: 4.055700 ms (FindLiveObjects: 0.310900 ms CreateObjectMapping: 0.102600 ms MarkObjects: 3.588000 ms  DeleteObjects: 0.052900 ms)

========================================================================
Received Prepare
Registering precompiled user dll's ...
Registered in 0.001046 seconds.
Begin MonoManager ReloadAssembly
Native extension for WindowsStandalone target not found
Refreshing native plugins compatible for Editor in 0.21 ms, found 0 plugins.
Preloading 0 native plugins for Editor in 0.00 ms.
Mono: successfully reloaded assembly
- Completed reload, in  0.913 seconds
Platform modules already initialized, skipping
Refreshing native plugins compatible for Editor in 0.21 ms, found 0 plugins.
Preloading 0 native plugins for Editor in 0.00 ms.
Unloading 1124 Unused Serialized files (Serialized files now loaded: 0)
System memory in use before: 61.4 MB.
System memory in use after: 61.4 MB.

Unloading 5 unused Assets to reduce memory usage. Loaded Objects now: 1635.
Total: 2.118700 ms (FindLiveObjects: 0.372600 ms CreateObjectMapping: 0.043700 ms MarkObjects: 1.603900 ms  DeleteObjects: 0.096700 ms)

========================================================================
Received Prepare
Registering precompiled user dll's ...
Registered in 0.000708 seconds.
Begin MonoManager ReloadAssembly
Native extension for WindowsStandalone target not found
Refreshing native plugins compatible for Editor in 0.21 ms, found 0 plugins.
Preloading 0 native plugins for Editor in 0.00 ms.
Mono: successfully reloaded assembly
- Completed reload, in  0.883 seconds
Platform modules already initialized, skipping
Refreshing native plugins compatible for Editor in 0.22 ms, found 0 plugins.
Preloading 0 native plugins for Editor in 0.00 ms.
Unloading 1124 Unused Serialized files (Serialized files now loaded: 0)
System memory in use before: 61.4 MB.
System memory in use after: 61.5 MB.

Unloading 5 unused Assets to reduce memory usage. Loaded Objects now: 1638.
Total: 2.741400 ms (FindLiveObjects: 0.308300 ms CreateObjectMapping: 0.085700 ms MarkObjects: 2.222700 ms  DeleteObjects: 0.123000 ms)

========================================================================
Received Prepare
Registering precompiled user dll's ...
Registered in 0.000982 seconds.
Begin MonoManager ReloadAssembly
Native extension for WindowsStandalone target not found
Refreshing native plugins compatible for Editor in 0.21 ms, found 0 plugins.
Preloading 0 native plugins for Editor in 0.00 ms.
Mono: successfully reloaded assembly
- Completed reload, in  0.895 seconds
Platform modules already initialized, skipping
Refreshing native plugins compatible for Editor in 0.21 ms, found 0 plugins.
Preloading 0 native plugins for Editor in 0.00 ms.
Unloading 1123 Unused Serialized files (Serialized files now loaded: 0)
System memory in use before: 61.4 MB.
System memory in use after: 61.4 MB.

Unloading 6 unused Assets to reduce memory usage. Loaded Objects now: 1640.
Total: 1.921500 ms (FindLiveObjects: 0.147300 ms CreateObjectMapping: 0.038200 ms MarkObjects: 1.658100 ms  DeleteObjects: 0.076800 ms)

========================================================================
Received Import Request.
  Time since last request: 671.994980 seconds.
  path: Assets/Scripts/FleeFromLocation.cs
  artifactKey: Guid(aca2037d7de3de14fa266ded0b74370a) Importer(815301076,1909f56bfc062723c751e8b465ee728b)
Start importing Assets/Scripts/FleeFromLocation.cs using Guid(aca2037d7de3de14fa266ded0b74370a) Importer(815301076,1909f56bfc062723c751e8b465ee728b)  -> (artifact id: 'a1c2610c2abf9564a59adcf8ae2f6d97') in 0.006190 seconds
  Import took 0.024639 seconds .

========================================================================
Received Import Request.
  Time since last request: 0.024480 seconds.
  path: Assets/Scripts/FleeFromLocation.cs
  artifactKey: Guid(aca2037d7de3de14fa266ded0b74370a) Importer(815301076,1909f56bfc062723c751e8b465ee728b)
Start importing Assets/Scripts/FleeFromLocation.cs using Guid(aca2037d7de3de14fa266ded0b74370a) Importer(815301076,1909f56bfc062723c751e8b465ee728b)  -> (artifact id: 'a1c2610c2abf9564a59adcf8ae2f6d97') in 0.002117 seconds
  Import took 0.004745 seconds .

========================================================================
Received Prepare
Registering precompiled user dll's ...
Registered in 0.000870 seconds.
Begin MonoManager ReloadAssembly
Native extension for WindowsStandalone target not found
Refreshing native plugins compatible for Editor in 0.62 ms, found 0 plugins.
Preloading 0 native plugins for Editor in 0.00 ms.
Mono: successfully reloaded assembly
- Completed reload, in  1.056 seconds
Platform modules already initialized, skipping
Refreshing native plugins compatible for Editor in 0.42 ms, found 0 plugins.
Preloading 0 native plugins for Editor in 0.00 ms.
Unloading 1123 Unused Serialized files (Serialized files now loaded: 0)
System memory in use before: 61.4 MB.
System memory in use after: 61.4 MB.

Unloading 5 unused Assets to reduce memory usage. Loaded Objects now: 1643.
Total: 3.532500 ms (FindLiveObjects: 0.264400 ms CreateObjectMapping: 0.074200 ms MarkObjects: 3.132500 ms  DeleteObjects: 0.059400 ms)

========================================================================
Received Import Request.
  Time since last request: 40.545929 seconds.
  path: Assets/Scripts/TouchManager.cs
  artifactKey: Guid(aca2037d7de3de14fa266ded0b74370a) Importer(815301076,1909f56bfc062723c751e8b465ee728b)
Start importing Assets/Scripts/TouchManager.cs using Guid(aca2037d7de3de14fa266ded0b74370a) Importer(815301076,1909f56bfc062723c751e8b465ee728b)  -> (artifact id: '51fb8becf6edcf0db6fe1afa963a5910') in 0.005585 seconds
  Import took 0.114585 seconds .

